[10:16:48] [Server thread/INFO]: Loading properties
[10:16:48] [Server thread/INFO]: Default game type: CREATIVE
[10:16:48] [Server thread/INFO]: Generating keypair
[10:16:48] [Server thread/INFO]: Starting Minecraft server on *:25565
[10:16:48] [Server thread/INFO]: Using default channel type
[10:16:48] [Server thread/INFO]: This server is running CraftBukkit version git-Bukkit-ed8c725 (MC: 1.12) (Implementing API version 1.12-R0.1-SNAPSHOT)
[10:16:49] [Server thread/INFO]: [RaspberryJuice] Loading RaspberryJuice v1.10
[10:16:49] [Server thread/WARN]: **** SERVER IS RUNNING IN OFFLINE/INSECURE MODE!
[10:16:49] [Server thread/WARN]: The server will make no attempt to authenticate usernames. Beware.
[10:16:49] [Server thread/WARN]: While this makes the game possible to play without internet access, it also opens up the ability for hackers to connect with any username they choose.
[10:16:49] [Server thread/WARN]: To change this, set "online-mode" to "true" in the server.properties file.
[10:16:49] [Server thread/INFO]: Preparing level "world"
[10:16:49] [Server thread/INFO]: Preparing start region for level 0 (Seed: -8879930451117232125)
[10:16:50] [Server thread/INFO]: Preparing spawn area: 47%
[10:16:50] [Server thread/INFO]: Preparing start region for level 1 (Seed: -8879930451117232125)
[10:16:51] [Server thread/INFO]: Preparing spawn area: 70%
[10:16:52] [Server thread/INFO]: Preparing start region for level 2 (Seed: -8879930451117232125)
[10:16:52] [Server thread/INFO]: [RaspberryJuice] Enabling RaspberryJuice v1.10
[10:16:52] [Server thread/INFO]: [RaspberryJuice] Using port 4711
[10:16:52] [Server thread/INFO]: [RaspberryJuice] Using ABSOLUTE locations
[10:16:52] [Server thread/INFO]: [RaspberryJuice] Using BOTH clicks for hits
[10:16:52] [Server thread/INFO]: [RaspberryJuice] ThreadListener Started
[10:16:52] [Server thread/INFO]: Server permissions file permissions.yml is empty, ignoring it
[10:16:52] [Server thread/INFO]: Done (3,459s)! For help, type "help" or "?"
[10:17:00] [Server thread/INFO]: alexx[/127.0.0.1:64208] logged in with entity id 18 at ([world]2.7431829602098383, 64.0, -85.27398453247379)
[10:17:28] [Thread-7/INFO]: [RaspberryJuice] Starting input thread
[10:17:28] [Thread-5/INFO]: [RaspberryJuice] Opened connection to/127.0.0.1:64209.
[10:17:28] [Thread-8/INFO]: [RaspberryJuice] Starting output thread!
[10:17:45] [Thread-7/INFO]: [RaspberryJuice] Connection reset
[10:17:45] [Server thread/INFO]: [RaspberryJuice] Closed connection to/127.0.0.1:64209.
[10:17:55] [Thread-5/INFO]: [RaspberryJuice] Opened connection to/127.0.0.1:64211.
[10:17:55] [Thread-10/INFO]: [RaspberryJuice] Starting output thread!
[10:17:55] [Thread-9/INFO]: [RaspberryJuice] Starting input thread
[10:18:21] [Netty Server IO #2/INFO]: <alexx> #agent list[m
[10:18:21] [Server thread/INFO]: AgentManager :You have 1 agents:[m
[10:18:21] [Server thread/INFO]: AgentManager :Agent: AgentManager [CommandLineAgent][m
[10:18:33] [Netty Server IO #2/INFO]: <alexx> #agent kill pepe[m
[10:18:33] [Server thread/INFO]: AgentManager :Agent: pepe not found[m
[10:18:40] [Netty Server IO #2/INFO]: <alexx> #agent kill AgentManager[m
[10:18:40] [Server thread/INFO]: AgentManager :ERROR! You can't kill the Manager Agent[m
[10:19:21] [Server thread/INFO]: alexx lost connection: Disconnected
[10:19:21] [Server thread/INFO]: alexx left the game
[10:24:24] [Server thread/INFO]: alexx[/127.0.0.1:64270] logged in with entity id 22 at ([world]1.6260640781109752, 64.0, -83.43005351448686)
[10:24:32] [Netty Server IO #5/INFO]: <alexx> #agent register list[m
[10:24:32] [Server thread/INFO]: AgentManager :List of possible agent classes:[m
[10:24:32] [Server thread/INFO]: AgentManager :Agent: TNTAgent[m
[10:24:32] [Server thread/INFO]: AgentManager :Agent: InsultAgent[m
[10:24:32] [Server thread/INFO]: AgentManager :Agent: GardenerAgent[m
[10:24:32] [Server thread/INFO]: AgentManager :Agent: BuilderAgent[m
[10:26:10] [Netty Server IO #5/INFO]: <alexx> #agent help[m
[10:26:10] [Server thread/INFO]: AgentManager :Manager commands: Use #agent before any command[m
[10:26:10] [Server thread/INFO]: AgentManager : -> register -agent_type -agent_name: registers and activates a new agent from a set list[m
[10:26:10] [Server thread/INFO]: AgentManager : -> register list: returns the list of possible agents[m
[10:26:10] [Server thread/INFO]: AgentManager : -> list: returns the list of current activate agents registered[m
[10:26:10] [Server thread/INFO]: AgentManager : -> kill: stops an active agent and remove it from the list[m
[10:26:10] [Server thread/INFO]: AgentManager : -> kill all: stops and removes all active agents from the list[m
[10:26:10] [Server thread/INFO]: AgentManager : -> methods -agent_name: returns the methods of the agent[m
[10:26:54] [Server thread/INFO]: alexx lost connection: Disconnected
[10:26:54] [Server thread/INFO]: alexx left the game
[10:27:08] [Thread-9/INFO]: [RaspberryJuice] Connection reset
[10:27:08] [Server thread/INFO]: [RaspberryJuice] Closed connection to/127.0.0.1:64211.
[10:27:11] [Server thread/INFO]: Stopping the server
[10:27:11] [Server thread/INFO]: Stopping server
[10:27:11] [Server thread/INFO]: [RaspberryJuice] Disabling RaspberryJuice v1.10
[10:27:11] [Server thread/INFO]: [RaspberryJuice] Raspberry Juice Stopped
[10:27:11] [Server thread/INFO]: Saving players
[10:27:11] [Server thread/INFO]: Saving worlds
[10:27:11] [Server thread/INFO]: Saving chunks for level 'world'/overworld
[10:27:11] [Server thread/INFO]: Saving chunks for level 'world_nether'/the_nether
[10:27:11] [Server thread/INFO]: Saving chunks for level 'world_the_end'/the_end
